<?xml version="1.0" encoding="UTF-8"?>
<!-- Generated by org.testng.reporters.JUnitXMLReporter -->
<testsuite ignored="0" hostname="DESKTOP-2BOE3UC" failures="0" tests="4" name="Test" time="0.051" errors="0" timestamp="2022-05-31T09:36:45 IST">
  <testcase classname="Jenkins.test3" name="Csharp" time="0.006"/>
  <testcase classname="Jenkins.test2" name="Python" time="0.001"/>
  <testcase classname="Jenkins.test1" name="java" time="0.0"/>
  <testcase classname="Jenkins.test4" name="test5" time="0.001"/>
</testsuite> <!-- Test -->
