<?xml version="1.0" encoding="UTF-8"?>
<testng-results ignored="0" total="1" passed="1" failed="0" skipped="0">
  <reporter-output>
    <line>
      <![CDATA[Hello C#]]>
    </line>
  </reporter-output>
  <suite started-at="2022-05-30T10:49:58 IST" name="Default suite" finished-at="2022-05-30T10:49:59 IST" duration-ms="49">
    <groups>
    </groups>
    <test started-at="2022-05-30T10:49:58 IST" name="Default test" finished-at="2022-05-30T10:49:59 IST" duration-ms="49">
      <class name="Jenkins.test3">
        <test-method signature="Csharp()[pri:0, instance:Jenkins.test3@3c130745]" started-at="2022-05-30T10:49:59 IST" name="Csharp" finished-at="2022-05-30T10:49:59 IST" duration-ms="13" status="PASS">
          <reporter-output>
            <line>
              <![CDATA[Hello C#]]>
            </line>
          </reporter-output>
        </test-method> <!-- Csharp -->
      </class> <!-- Jenkins.test3 -->
    </test> <!-- Default test -->
  </suite> <!-- Default suite -->
</testng-results>
