<?xml version="1.0" encoding="UTF-8"?>
<testng-results ignored="0" total="1" passed="1" failed="0" skipped="0">
  <reporter-output>
    <line>
      <![CDATA[ruby]]>
    </line>
  </reporter-output>
  <suite started-at="2022-05-31T09:04:33 IST" name="Default suite" finished-at="2022-05-31T09:04:33 IST" duration-ms="40">
    <groups>
    </groups>
    <test started-at="2022-05-31T09:04:33 IST" name="Default test" finished-at="2022-05-31T09:04:33 IST" duration-ms="40">
      <class name="Jenkins.test4">
        <test-method signature="test5()[pri:0, instance:Jenkins.test4@3c130745]" started-at="2022-05-31T09:04:33 IST" name="test5" finished-at="2022-05-31T09:04:33 IST" duration-ms="11" status="PASS">
          <reporter-output>
            <line>
              <![CDATA[ruby]]>
            </line>
          </reporter-output>
        </test-method> <!-- test5 -->
      </class> <!-- Jenkins.test4 -->
    </test> <!-- Default test -->
  </suite> <!-- Default suite -->
</testng-results>
